  CoordinateSystem.cpp
C:\Users\arjan\source\repos\MathLab\MathLab\CoordinateSystem.cpp(15,45): warning C4244: 'argument': conversion from 'int' to 'T', possible loss of data
          with
          [
              T=float
          ]
C:\Users\arjan\source\repos\MathLab\MathLab\CoordinateSystem.cpp(16,50): warning C4244: 'argument': conversion from 'int' to 'T', possible loss of data
          with
          [
              T=float
          ]
C:\Users\arjan\source\repos\MathLab\MathLab\CoordinateSystem.cpp(16,45): warning C4244: 'argument': conversion from 'int' to 'T', possible loss of data
          with
          [
              T=float
          ]
C:\Users\arjan\source\repos\MathLab\MathLab\CoordinateSystem.cpp(17,51): warning C4244: 'argument': conversion from 'int' to 'T', possible loss of data
          with
          [
              T=float
          ]
C:\Users\arjan\source\repos\MathLab\MathLab\CoordinateSystem.cpp(18,61): warning C4244: 'argument': conversion from 'int' to 'T', possible loss of data
          with
          [
              T=float
          ]
C:\Users\arjan\source\repos\MathLab\MathLab\CoordinateSystem.cpp(18,31): warning C4244: 'argument': conversion from 'int' to 'T', possible loss of data
          with
          [
              T=float
          ]
C:\Users\arjan\source\repos\MathLab\MathLab\CoordinateSystem.cpp(28,31): warning C4244: 'argument': conversion from 'double' to 'size_t', possible loss of data
C:\Users\arjan\source\repos\MathLab\MathLab\CoordinateSystem.cpp(33,60): warning C4244: 'argument': conversion from 'int' to 'T', possible loss of data
          with
          [
              T=float
          ]
C:\Users\arjan\source\repos\MathLab\MathLab\CoordinateSystem.cpp(34,64): warning C4244: 'argument': conversion from 'int' to 'T', possible loss of data
          with
          [
              T=float
          ]
C:\Users\arjan\source\repos\MathLab\MathLab\CoordinateSystem.cpp(43,31): warning C4244: 'argument': conversion from 'double' to 'size_t', possible loss of data
C:\Users\arjan\source\repos\MathLab\MathLab\CoordinateSystem.cpp(48,53): warning C4244: 'argument': conversion from 'int' to 'T', possible loss of data
          with
          [
              T=float
          ]
C:\Users\arjan\source\repos\MathLab\MathLab\CoordinateSystem.cpp(49,57): warning C4244: 'argument': conversion from 'int' to 'T', possible loss of data
          with
          [
              T=float
          ]
  MathLab.vcxproj -> C:\Users\arjan\source\repos\MathLab\Debug\MathLab.exe
